mode: set
go-phpcs/ast/ast.go:32.42,32.60 1 1
go-phpcs/ast/ast.go:33.42,33.58 1 1
go-phpcs/ast/ast.go:34.42,34.57 1 1
go-phpcs/ast/ast.go:35.37,37.2 1 1
go-phpcs/ast/ast.go:38.43,38.57 1 1
go-phpcs/ast/ast.go:46.43,46.66 1 1
go-phpcs/ast/ast.go:47.43,47.59 1 1
go-phpcs/ast/ast.go:48.43,48.58 1 1
go-phpcs/ast/ast.go:49.38,51.2 1 1
go-phpcs/ast/ast.go:52.44,54.2 1 1
go-phpcs/ast/ast.go:62.45,62.66 1 1
go-phpcs/ast/ast.go:63.45,63.61 1 1
go-phpcs/ast/ast.go:64.45,64.60 1 1
go-phpcs/ast/ast.go:65.40,67.2 1 1
go-phpcs/ast/ast.go:68.46,70.2 1 1
go-phpcs/ast/ast.go:84.46,84.72 1 1
go-phpcs/ast/ast.go:85.46,85.62 1 1
go-phpcs/ast/ast.go:86.46,86.61 1 1
go-phpcs/ast/ast.go:87.41,89.2 1 1
go-phpcs/ast/ast.go:90.48,90.66 1 1
go-phpcs/ast/ast.go:91.48,91.66 1 1
go-phpcs/ast/ast.go:99.58,99.89 1 0
go-phpcs/ast/ast.go:100.58,100.74 1 0
go-phpcs/ast/ast.go:101.58,101.73 1 0
go-phpcs/ast/ast.go:102.53,104.2 1 0
go-phpcs/ast/ast.go:105.59,107.31 2 0
go-phpcs/ast/ast.go:107.31,109.3 1 0
go-phpcs/ast/ast.go:110.2,110.32 1 0
go-phpcs/ast/ast.go:119.47,119.74 1 1
go-phpcs/ast/ast.go:120.47,120.63 1 1
go-phpcs/ast/ast.go:121.47,121.62 1 1
go-phpcs/ast/ast.go:122.42,124.2 1 1
go-phpcs/ast/ast.go:125.49,125.86 1 1
go-phpcs/ast/ast.go:126.49,126.67 1 1
go-phpcs/ast/ast.go:134.45,134.70 1 1
go-phpcs/ast/ast.go:135.45,135.61 1 1
go-phpcs/ast/ast.go:136.45,136.60 1 1
go-phpcs/ast/ast.go:137.40,139.2 1 1
go-phpcs/ast/ast.go:140.47,140.84 1 1
go-phpcs/ast/ast.go:141.47,141.65 1 1
go-phpcs/ast/ast.go:149.47,149.74 1 0
go-phpcs/ast/ast.go:150.47,150.63 1 0
go-phpcs/ast/ast.go:151.47,151.62 1 0
go-phpcs/ast/ast.go:152.42,154.2 1 0
go-phpcs/ast/ast.go:155.49,155.86 1 0
go-phpcs/ast/ast.go:156.49,156.67 1 0
go-phpcs/ast/ast.go:163.44,163.68 1 0
go-phpcs/ast/ast.go:164.44,164.60 1 0
go-phpcs/ast/ast.go:165.44,165.59 1 0
go-phpcs/ast/ast.go:166.39,168.2 1 0
go-phpcs/ast/ast.go:169.46,169.63 1 0
go-phpcs/ast/ast.go:170.46,170.60 1 0
go-phpcs/ast/ast.go:179.47,179.70 1 0
go-phpcs/ast/ast.go:180.47,180.63 1 0
go-phpcs/ast/ast.go:181.47,181.62 1 0
go-phpcs/ast/ast.go:182.42,184.2 1 0
go-phpcs/ast/ast.go:185.48,187.2 1 0
go-phpcs/ast/ast.go:195.43,195.62 1 0
go-phpcs/ast/ast.go:196.43,196.59 1 0
go-phpcs/ast/ast.go:197.43,197.58 1 0
go-phpcs/ast/ast.go:198.38,200.2 1 0
go-phpcs/ast/ast.go:201.44,203.2 1 0
go-phpcs/ast/ast.go:211.47,211.74 1 0
go-phpcs/ast/ast.go:212.47,212.63 1 0
go-phpcs/ast/ast.go:213.47,213.62 1 0
go-phpcs/ast/ast.go:214.42,216.2 1 0
go-phpcs/ast/ast.go:217.48,219.2 1 0
go-phpcs/ast/ast.go:229.43,229.66 1 0
go-phpcs/ast/ast.go:230.43,230.59 1 0
go-phpcs/ast/ast.go:231.43,231.58 1 0
go-phpcs/ast/ast.go:232.38,234.2 1 0
go-phpcs/ast/ast.go:235.44,237.2 1 0
go-phpcs/ast/ast.go:248.39,248.54 1 0
go-phpcs/ast/ast.go:249.39,249.55 1 0
go-phpcs/ast/ast.go:250.39,250.54 1 0
go-phpcs/ast/ast.go:251.34,253.2 1 0
go-phpcs/ast/ast.go:254.40,256.2 1 0
go-phpcs/ast/ast.go:265.44,265.63 1 0
go-phpcs/ast/ast.go:266.44,266.61 1 0
go-phpcs/ast/ast.go:267.44,267.60 1 0
go-phpcs/ast/ast.go:268.39,270.2 1 0
go-phpcs/ast/ast.go:271.45,273.2 1 0
go-phpcs/ast/ast.go:281.41,281.58 1 0
go-phpcs/ast/ast.go:282.41,282.57 1 0
go-phpcs/ast/ast.go:283.41,283.56 1 0
go-phpcs/ast/ast.go:284.36,286.2 1 0
go-phpcs/ast/ast.go:287.42,289.2 1 0
go-phpcs/ast/ast.go:298.42,298.60 1 0
go-phpcs/ast/ast.go:299.42,299.58 1 0
go-phpcs/ast/ast.go:300.42,300.57 1 0
go-phpcs/ast/ast.go:301.37,303.2 1 0
go-phpcs/ast/ast.go:304.43,306.2 1 0
go-phpcs/ast/ast.go:315.46,315.67 1 0
go-phpcs/ast/ast.go:316.46,316.63 1 0
go-phpcs/ast/ast.go:317.46,317.62 1 0
go-phpcs/ast/ast.go:318.41,320.2 1 0
go-phpcs/ast/ast.go:321.47,323.2 1 0
go-phpcs/ast/ast.go:330.41,330.62 1 0
go-phpcs/ast/ast.go:331.41,331.57 1 0
go-phpcs/ast/ast.go:332.41,332.56 1 0
go-phpcs/ast/ast.go:333.36,335.2 1 0
go-phpcs/ast/ast.go:336.42,338.2 1 0
go-phpcs/ast/ast.go:347.45,347.70 1 0
go-phpcs/ast/ast.go:348.45,348.61 1 0
go-phpcs/ast/ast.go:349.45,349.60 1 0
go-phpcs/ast/ast.go:350.40,352.2 1 0
go-phpcs/ast/ast.go:353.46,355.2 1 0
go-phpcs/ast/ast.go:375.40,375.56 1 0
go-phpcs/ast/ast.go:376.40,376.56 1 0
go-phpcs/ast/ast.go:377.40,377.55 1 0
go-phpcs/ast/ast.go:378.35,380.2 1 0
go-phpcs/ast/ast.go:381.41,383.2 1 0
go-phpcs/ast/ast.go:393.47,393.70 1 0
go-phpcs/ast/ast.go:394.47,394.63 1 0
go-phpcs/ast/ast.go:395.47,395.62 1 0
go-phpcs/ast/ast.go:396.42,398.2 1 0
go-phpcs/ast/ast.go:399.48,401.2 1 0
go-phpcs/ast/ast.go:409.42,409.60 1 0
go-phpcs/ast/ast.go:410.42,410.58 1 0
go-phpcs/ast/ast.go:411.42,411.57 1 0
go-phpcs/ast/ast.go:412.37,414.2 1 0
go-phpcs/ast/ast.go:415.43,417.2 1 0
go-phpcs/ast/ast.go:426.46,426.67 1 0
go-phpcs/ast/ast.go:427.46,427.63 1 0
go-phpcs/ast/ast.go:428.46,428.62 1 0
go-phpcs/ast/ast.go:429.41,430.19 1 0
go-phpcs/ast/ast.go:430.19,432.3 1 0
go-phpcs/ast/ast.go:433.2,433.53 1 0
go-phpcs/ast/ast.go:435.47,437.2 1 0
go-phpcs/ast/ast.go:445.47,445.70 1 0
go-phpcs/ast/ast.go:446.47,446.63 1 0
go-phpcs/ast/ast.go:447.47,447.62 1 0
go-phpcs/ast/ast.go:448.42,450.2 1 0
go-phpcs/ast/ast.go:451.48,453.2 1 0
go-phpcs/ast/ast.go:461.43,461.62 1 0
go-phpcs/ast/ast.go:462.43,462.59 1 0
go-phpcs/ast/ast.go:463.43,463.58 1 0
go-phpcs/ast/ast.go:464.38,466.2 1 0
go-phpcs/ast/ast.go:467.44,469.2 1 0
go-phpcs/ast/ast.go:477.44,477.64 1 0
go-phpcs/ast/ast.go:478.44,478.60 1 0
go-phpcs/ast/ast.go:479.44,479.59 1 0
go-phpcs/ast/ast.go:480.39,482.2 1 0
go-phpcs/ast/ast.go:483.45,485.2 1 0
go-phpcs/ast/ast.go:493.42,493.60 1 0
go-phpcs/ast/ast.go:494.42,494.58 1 0
go-phpcs/ast/ast.go:495.42,495.57 1 0
go-phpcs/ast/ast.go:496.37,498.2 1 0
go-phpcs/ast/ast.go:499.43,501.2 1 0
go-phpcs/ast/ast.go:509.44,509.64 1 0
go-phpcs/ast/ast.go:510.44,510.60 1 0
go-phpcs/ast/ast.go:511.44,511.59 1 0
go-phpcs/ast/ast.go:512.39,514.2 1 0
go-phpcs/ast/ast.go:515.45,516.13 1 0
go-phpcs/ast/ast.go:516.13,518.3 1 0
go-phpcs/ast/ast.go:519.2,519.16 1 0
go-phpcs/ast/ast.go:527.41,527.58 1 0
go-phpcs/ast/ast.go:528.41,528.57 1 0
go-phpcs/ast/ast.go:529.41,529.56 1 0
go-phpcs/ast/ast.go:530.36,532.2 1 0
go-phpcs/ast/ast.go:533.42,535.2 1 0
go-phpcs/ast/ast.go:543.43,543.62 1 0
go-phpcs/ast/ast.go:544.43,544.59 1 0
go-phpcs/ast/ast.go:545.43,545.58 1 0
go-phpcs/ast/ast.go:546.38,548.31 2 0
go-phpcs/ast/ast.go:548.31,550.3 1 0
go-phpcs/ast/ast.go:551.2,551.96 1 0
go-phpcs/ast/ast.go:553.44,555.2 1 0
go-phpcs/ast/ast.go:566.46,566.68 1 0
go-phpcs/ast/ast.go:567.46,567.62 1 0
go-phpcs/ast/ast.go:568.46,568.61 1 0
go-phpcs/ast/ast.go:569.41,571.13 2 0
go-phpcs/ast/ast.go:571.13,573.3 1 0
go-phpcs/ast/ast.go:574.2,574.14 1 0
go-phpcs/ast/ast.go:574.14,576.3 1 0
go-phpcs/ast/ast.go:577.2,577.18 1 0
go-phpcs/ast/ast.go:577.18,579.3 1 0
go-phpcs/ast/ast.go:580.2,580.105 1 0
go-phpcs/ast/ast.go:582.47,583.18 1 0
go-phpcs/ast/ast.go:583.18,585.3 1 0
go-phpcs/ast/ast.go:586.2,586.11 1 0
go-phpcs/ast/ast.go:596.46,596.68 1 0
go-phpcs/ast/ast.go:597.46,597.62 1 0
go-phpcs/ast/ast.go:598.46,598.61 1 0
go-phpcs/ast/ast.go:599.41,601.2 1 0
go-phpcs/ast/ast.go:602.47,602.64 1 0
go-phpcs/ast/ast.go:611.46,611.68 1 0
go-phpcs/ast/ast.go:612.46,612.62 1 0
go-phpcs/ast/ast.go:613.46,613.61 1 0
go-phpcs/ast/ast.go:614.41,616.2 1 0
go-phpcs/ast/ast.go:617.47,617.69 1 0
go-phpcs/ast/ast.go:627.40,627.56 1 0
go-phpcs/ast/ast.go:628.40,628.56 1 0
go-phpcs/ast/ast.go:629.40,629.55 1 0
go-phpcs/ast/ast.go:630.35,631.19 1 0
go-phpcs/ast/ast.go:631.19,633.3 1 0
go-phpcs/ast/ast.go:634.2,634.72 1 0
go-phpcs/ast/ast.go:636.41,636.57 1 0
go-phpcs/ast/ast.go:645.42,645.60 1 0
go-phpcs/ast/ast.go:646.42,646.58 1 0
go-phpcs/ast/ast.go:647.42,647.57 1 0
go-phpcs/ast/ast.go:648.37,650.2 1 0
go-phpcs/ast/ast.go:651.43,651.61 1 0
go-phpcs/ast/ast.go:660.42,660.60 1 0
go-phpcs/ast/ast.go:661.42,661.58 1 0
go-phpcs/ast/ast.go:662.42,662.57 1 0
go-phpcs/ast/ast.go:663.37,665.2 1 0
go-phpcs/ast/ast.go:666.43,666.61 1 0
go-phpcs/ast/ast.go:675.45,675.66 1 0
go-phpcs/ast/ast.go:676.45,676.61 1 0
go-phpcs/ast/ast.go:677.45,677.60 1 0
go-phpcs/ast/ast.go:678.40,680.2 1 0
go-phpcs/ast/ast.go:681.46,681.61 1 0
go-phpcs/ast/ast.go:691.50,691.76 1 0
go-phpcs/ast/ast.go:692.50,692.66 1 0
go-phpcs/ast/ast.go:693.50,693.65 1 0
go-phpcs/ast/ast.go:694.45,696.2 1 0
go-phpcs/ast/ast.go:697.51,697.66 1 0
go-phpcs/ast/ast.go:706.45,706.66 1 1
go-phpcs/ast/ast.go:707.45,707.61 1 1
go-phpcs/ast/ast.go:708.45,708.60 1 1
go-phpcs/ast/ast.go:709.40,711.2 1 1
go-phpcs/ast/ast.go:712.46,712.63 1 1
go-phpcs/ast/ast.go:722.42,722.60 1 1
go-phpcs/ast/ast.go:723.42,723.58 1 1
go-phpcs/ast/ast.go:724.42,724.57 1 1
go-phpcs/ast/ast.go:725.37,726.12 1 1
go-phpcs/ast/ast.go:726.12,728.3 1 1
go-phpcs/ast/ast.go:729.2,729.63 1 0
go-phpcs/ast/ast.go:731.43,731.61 1 1
go-phpcs/ast/ast.go:740.44,740.64 1 1
go-phpcs/ast/ast.go:741.44,741.60 1 1
go-phpcs/ast/ast.go:742.44,742.59 1 1
go-phpcs/ast/ast.go:743.39,745.2 1 1
go-phpcs/ast/ast.go:746.45,746.68 1 1
go-phpcs/ast/class.go:8.42,8.60 1 1
go-phpcs/ast/class.go:9.42,9.58 1 1
go-phpcs/ast/class.go:10.42,10.57 1 1
go-phpcs/ast/class.go:11.37,14.21 3 1
go-phpcs/ast/class.go:14.21,16.3 1 1
go-phpcs/ast/class.go:17.2,17.27 1 1
go-phpcs/ast/class.go:17.27,19.3 1 1
go-phpcs/ast/class.go:20.2,20.86 1 1
go-phpcs/ast/class.go:22.43,24.2 1 1
go-phpcs/ast/class.go:33.42,35.2 1 1
go-phpcs/ast/class.go:37.45,39.2 1 1
go-phpcs/ast/class.go:41.42,43.2 1 1
go-phpcs/ast/class.go:45.40,47.24 2 1
go-phpcs/ast/class.go:47.24,49.3 1 1
go-phpcs/ast/class.go:50.2,51.86 2 1
go-phpcs/ast/class.go:54.46,56.2 1 1
go-phpcs/ast/class_const_fetch.go:9.49,11.2 1 1
go-phpcs/ast/class_const_fetch.go:13.49,15.2 1 1
go-phpcs/ast/class_const_fetch.go:17.52,19.2 1 1
go-phpcs/ast/class_const_fetch.go:21.47,23.2 1 1
go-phpcs/ast/class_const_fetch.go:25.53,27.2 1 1
go-phpcs/ast/comment.go:11.44,11.64 1 1
go-phpcs/ast/comment.go:12.44,12.60 1 1
go-phpcs/ast/comment.go:13.44,13.59 1 1
go-phpcs/ast/comment.go:14.39,16.2 1 1
go-phpcs/ast/comment.go:17.45,19.2 1 1
go-phpcs/ast/enum.go:16.41,16.58 1 1
go-phpcs/ast/enum.go:17.41,17.57 1 1
go-phpcs/ast/enum.go:18.41,18.56 1 1
go-phpcs/ast/enum.go:19.36,22.22 3 1
go-phpcs/ast/enum.go:22.22,24.3 1 1
go-phpcs/ast/enum.go:25.2,25.86 1 1
go-phpcs/ast/enum.go:27.42,29.2 1 1
go-phpcs/ast/enum.go:38.45,38.66 1 1
go-phpcs/ast/enum.go:39.45,39.61 1 1
go-phpcs/ast/enum.go:40.45,40.60 1 1
go-phpcs/ast/enum.go:41.40,42.20 1 1
go-phpcs/ast/enum.go:42.20,44.3 1 1
go-phpcs/ast/enum.go:45.2,45.74 1 0
go-phpcs/ast/enum.go:47.46,49.2 1 1
go-phpcs/ast/function.go:19.45,19.66 1 1
go-phpcs/ast/function.go:20.45,20.61 1 1
go-phpcs/ast/function.go:21.45,21.60 1 1
go-phpcs/ast/function.go:22.40,24.26 2 1
go-phpcs/ast/function.go:24.26,26.3 1 1
go-phpcs/ast/function.go:27.2,27.24 1 1
go-phpcs/ast/function.go:27.24,29.3 1 1
go-phpcs/ast/function.go:30.2,31.24 2 1
go-phpcs/ast/function.go:31.24,33.3 1 1
go-phpcs/ast/function.go:34.2,34.86 1 1
go-phpcs/ast/function.go:36.46,38.2 1 1
go-phpcs/ast/function.go:48.49,48.74 1 1
go-phpcs/ast/function.go:49.49,49.65 1 1
go-phpcs/ast/function.go:50.49,50.64 1 1
go-phpcs/ast/function.go:51.44,53.29 2 1
go-phpcs/ast/function.go:53.29,55.3 1 1
go-phpcs/ast/function.go:56.2,57.19 2 1
go-phpcs/ast/function.go:57.19,59.3 1 1
go-phpcs/ast/function.go:60.2,60.118 1 1
go-phpcs/ast/function.go:62.50,63.19 1 1
go-phpcs/ast/function.go:63.19,65.3 1 1
go-phpcs/ast/function.go:66.2,66.11 1 0
go-phpcs/ast/function.go:75.54,75.83 1 1
go-phpcs/ast/function.go:76.54,76.70 1 1
go-phpcs/ast/function.go:77.54,77.69 1 1
go-phpcs/ast/function.go:78.54,78.102 1 1
go-phpcs/ast/function.go:79.54,79.70 1 1
go-phpcs/ast/interface.go:16.46,16.68 1 1
go-phpcs/ast/interface.go:17.46,17.62 1 1
go-phpcs/ast/interface.go:18.46,18.61 1 1
go-phpcs/ast/interface.go:19.41,22.24 3 1
go-phpcs/ast/interface.go:22.24,24.3 1 1
go-phpcs/ast/interface.go:25.2,25.24 1 1
go-phpcs/ast/interface.go:25.24,27.36 2 1
go-phpcs/ast/interface.go:27.36,29.4 1 1
go-phpcs/ast/interface.go:31.2,31.87 1 1
go-phpcs/ast/interface.go:33.47,35.2 1 1
go-phpcs/ast/interface.go:46.52,46.80 1 1
go-phpcs/ast/interface.go:47.52,47.68 1 1
go-phpcs/ast/interface.go:48.52,48.67 1 1
go-phpcs/ast/interface.go:49.47,51.24 2 1
go-phpcs/ast/interface.go:51.24,53.3 1 1
go-phpcs/ast/interface.go:54.2,58.33 3 1
go-phpcs/ast/interface.go:58.33,60.3 1 1
go-phpcs/ast/interface.go:61.2,64.25 2 1
go-phpcs/ast/interface.go:64.25,66.3 1 1
go-phpcs/ast/interface.go:68.2,68.86 1 1
go-phpcs/ast/interface.go:70.53,72.2 1 1
go-phpcs/ast/param.go:21.42,21.60 1 1
go-phpcs/ast/param.go:22.42,22.58 1 1
go-phpcs/ast/param.go:23.42,23.57 1 1
go-phpcs/ast/param.go:24.37,26.24 2 1
go-phpcs/ast/param.go:26.24,28.3 1 1
go-phpcs/ast/param.go:29.2,29.22 1 1
go-phpcs/ast/param.go:29.22,31.3 1 1
go-phpcs/ast/param.go:31.8,31.31 1 1
go-phpcs/ast/param.go:31.31,33.3 1 1
go-phpcs/ast/param.go:34.2,34.15 1 1
go-phpcs/ast/param.go:34.15,36.3 1 1
go-phpcs/ast/param.go:37.2,38.27 2 1
go-phpcs/ast/param.go:38.27,40.3 1 1
go-phpcs/ast/param.go:41.2,41.18 1 1
go-phpcs/ast/param.go:41.18,43.3 1 1
go-phpcs/ast/param.go:44.2,44.18 1 1
go-phpcs/ast/param.go:44.18,46.3 1 1
go-phpcs/ast/param.go:47.2,47.86 1 1
go-phpcs/ast/param.go:49.43,51.2 1 1
go-phpcs/ast/union_type.go:14.46,14.68 1 1
go-phpcs/ast/union_type.go:15.46,15.62 1 1
go-phpcs/ast/union_type.go:16.46,16.61 1 1
go-phpcs/ast/union_type.go:17.41,19.2 1 1
go-phpcs/ast/union_type.go:20.47,22.2 1 1
