mode: set
go-phpcs/ast/ast.go:32.42,32.60 1 1
go-phpcs/ast/ast.go:33.42,33.58 1 1
go-phpcs/ast/ast.go:34.42,34.57 1 1
go-phpcs/ast/ast.go:35.37,37.2 1 1
go-phpcs/ast/ast.go:38.43,38.57 1 1
go-phpcs/ast/ast.go:47.44,47.64 1 0
go-phpcs/ast/ast.go:48.44,48.60 1 0
go-phpcs/ast/ast.go:49.44,49.59 1 0
go-phpcs/ast/ast.go:50.39,52.2 1 0
go-phpcs/ast/ast.go:53.45,53.65 1 0
go-phpcs/ast/ast.go:61.49,61.78 1 0
go-phpcs/ast/ast.go:62.49,62.65 1 0
go-phpcs/ast/ast.go:63.49,63.64 1 0
go-phpcs/ast/ast.go:64.44,66.2 1 0
go-phpcs/ast/ast.go:67.50,69.2 1 0
go-phpcs/ast/ast.go:77.43,77.66 1 1
go-phpcs/ast/ast.go:78.43,78.59 1 1
go-phpcs/ast/ast.go:79.43,79.58 1 1
go-phpcs/ast/ast.go:80.38,82.2 1 1
go-phpcs/ast/ast.go:83.44,85.2 1 1
go-phpcs/ast/ast.go:93.45,93.66 1 1
go-phpcs/ast/ast.go:94.45,94.61 1 1
go-phpcs/ast/ast.go:95.45,95.60 1 1
go-phpcs/ast/ast.go:96.40,98.2 1 1
go-phpcs/ast/ast.go:99.46,101.2 1 1
go-phpcs/ast/ast.go:115.46,115.72 1 1
go-phpcs/ast/ast.go:116.46,116.62 1 1
go-phpcs/ast/ast.go:117.46,117.61 1 1
go-phpcs/ast/ast.go:118.41,120.2 1 1
go-phpcs/ast/ast.go:121.48,121.66 1 1
go-phpcs/ast/ast.go:122.48,122.66 1 1
go-phpcs/ast/ast.go:130.58,130.89 1 1
go-phpcs/ast/ast.go:131.58,131.74 1 1
go-phpcs/ast/ast.go:132.58,132.73 1 1
go-phpcs/ast/ast.go:133.53,135.2 1 1
go-phpcs/ast/ast.go:136.59,138.31 2 1
go-phpcs/ast/ast.go:138.31,140.3 1 1
go-phpcs/ast/ast.go:141.2,141.32 1 1
go-phpcs/ast/ast.go:150.47,150.74 1 1
go-phpcs/ast/ast.go:151.47,151.63 1 1
go-phpcs/ast/ast.go:152.47,152.62 1 1
go-phpcs/ast/ast.go:153.42,155.2 1 1
go-phpcs/ast/ast.go:156.49,156.86 1 1
go-phpcs/ast/ast.go:157.49,157.67 1 1
go-phpcs/ast/ast.go:165.45,165.70 1 1
go-phpcs/ast/ast.go:166.45,166.61 1 1
go-phpcs/ast/ast.go:167.45,167.60 1 1
go-phpcs/ast/ast.go:168.40,170.2 1 1
go-phpcs/ast/ast.go:171.47,171.84 1 1
go-phpcs/ast/ast.go:172.47,172.65 1 1
go-phpcs/ast/ast.go:180.47,180.74 1 0
go-phpcs/ast/ast.go:181.47,181.63 1 0
go-phpcs/ast/ast.go:182.47,182.62 1 0
go-phpcs/ast/ast.go:183.42,185.2 1 0
go-phpcs/ast/ast.go:186.49,186.86 1 0
go-phpcs/ast/ast.go:187.49,187.67 1 0
go-phpcs/ast/ast.go:194.44,194.68 1 0
go-phpcs/ast/ast.go:195.44,195.60 1 0
go-phpcs/ast/ast.go:196.44,196.59 1 0
go-phpcs/ast/ast.go:197.39,199.2 1 0
go-phpcs/ast/ast.go:200.46,200.63 1 0
go-phpcs/ast/ast.go:201.46,201.60 1 0
go-phpcs/ast/ast.go:211.47,211.70 1 0
go-phpcs/ast/ast.go:212.47,212.63 1 0
go-phpcs/ast/ast.go:213.47,213.62 1 0
go-phpcs/ast/ast.go:214.42,216.2 1 0
go-phpcs/ast/ast.go:217.48,219.2 1 0
go-phpcs/ast/ast.go:227.43,227.62 1 0
go-phpcs/ast/ast.go:228.43,228.59 1 0
go-phpcs/ast/ast.go:229.43,229.58 1 0
go-phpcs/ast/ast.go:230.38,232.2 1 0
go-phpcs/ast/ast.go:233.44,235.2 1 0
go-phpcs/ast/ast.go:243.47,243.74 1 0
go-phpcs/ast/ast.go:244.47,244.63 1 0
go-phpcs/ast/ast.go:245.47,245.62 1 0
go-phpcs/ast/ast.go:246.42,248.2 1 0
go-phpcs/ast/ast.go:249.48,251.2 1 0
go-phpcs/ast/ast.go:261.43,261.66 1 0
go-phpcs/ast/ast.go:262.43,262.59 1 0
go-phpcs/ast/ast.go:263.43,263.58 1 0
go-phpcs/ast/ast.go:264.38,266.2 1 0
go-phpcs/ast/ast.go:267.44,269.2 1 0
go-phpcs/ast/ast.go:280.39,280.54 1 0
go-phpcs/ast/ast.go:281.39,281.55 1 0
go-phpcs/ast/ast.go:282.39,282.54 1 0
go-phpcs/ast/ast.go:283.34,285.2 1 0
go-phpcs/ast/ast.go:286.40,288.2 1 0
go-phpcs/ast/ast.go:297.44,297.63 1 0
go-phpcs/ast/ast.go:298.44,298.61 1 0
go-phpcs/ast/ast.go:299.44,299.60 1 0
go-phpcs/ast/ast.go:300.39,302.2 1 0
go-phpcs/ast/ast.go:303.45,305.2 1 0
go-phpcs/ast/ast.go:313.41,313.58 1 0
go-phpcs/ast/ast.go:314.41,314.57 1 0
go-phpcs/ast/ast.go:315.41,315.56 1 0
go-phpcs/ast/ast.go:316.36,318.2 1 0
go-phpcs/ast/ast.go:319.42,321.2 1 0
go-phpcs/ast/ast.go:330.42,330.60 1 0
go-phpcs/ast/ast.go:331.42,331.58 1 0
go-phpcs/ast/ast.go:332.42,332.57 1 0
go-phpcs/ast/ast.go:333.37,335.2 1 0
go-phpcs/ast/ast.go:336.43,338.2 1 0
go-phpcs/ast/ast.go:347.46,347.67 1 0
go-phpcs/ast/ast.go:348.46,348.63 1 0
go-phpcs/ast/ast.go:349.46,349.62 1 0
go-phpcs/ast/ast.go:350.41,352.2 1 0
go-phpcs/ast/ast.go:353.47,355.2 1 0
go-phpcs/ast/ast.go:362.41,362.62 1 0
go-phpcs/ast/ast.go:363.41,363.57 1 0
go-phpcs/ast/ast.go:364.41,364.56 1 0
go-phpcs/ast/ast.go:365.36,367.2 1 0
go-phpcs/ast/ast.go:368.42,370.2 1 0
go-phpcs/ast/ast.go:379.45,379.70 1 0
go-phpcs/ast/ast.go:380.45,380.61 1 0
go-phpcs/ast/ast.go:381.45,381.60 1 0
go-phpcs/ast/ast.go:382.40,384.2 1 0
go-phpcs/ast/ast.go:385.46,387.2 1 0
go-phpcs/ast/ast.go:396.42,396.60 1 0
go-phpcs/ast/ast.go:397.42,397.58 1 0
go-phpcs/ast/ast.go:398.42,398.57 1 0
go-phpcs/ast/ast.go:399.37,401.2 1 0
go-phpcs/ast/ast.go:402.43,404.2 1 0
go-phpcs/ast/ast.go:424.40,424.56 1 0
go-phpcs/ast/ast.go:425.40,425.56 1 0
go-phpcs/ast/ast.go:426.40,426.55 1 0
go-phpcs/ast/ast.go:427.35,429.2 1 0
go-phpcs/ast/ast.go:430.41,432.2 1 0
go-phpcs/ast/ast.go:442.47,442.70 1 0
go-phpcs/ast/ast.go:443.47,443.63 1 0
go-phpcs/ast/ast.go:444.47,444.62 1 0
go-phpcs/ast/ast.go:445.42,447.2 1 0
go-phpcs/ast/ast.go:448.48,450.2 1 0
go-phpcs/ast/ast.go:458.42,458.60 1 0
go-phpcs/ast/ast.go:459.42,459.58 1 0
go-phpcs/ast/ast.go:460.42,460.57 1 0
go-phpcs/ast/ast.go:461.37,463.2 1 0
go-phpcs/ast/ast.go:464.43,466.2 1 0
go-phpcs/ast/ast.go:475.46,475.67 1 0
go-phpcs/ast/ast.go:476.46,476.63 1 0
go-phpcs/ast/ast.go:477.46,477.62 1 0
go-phpcs/ast/ast.go:478.41,479.19 1 0
go-phpcs/ast/ast.go:479.19,481.3 1 0
go-phpcs/ast/ast.go:482.2,482.53 1 0
go-phpcs/ast/ast.go:484.47,486.2 1 0
go-phpcs/ast/ast.go:494.47,494.70 1 0
go-phpcs/ast/ast.go:495.47,495.63 1 0
go-phpcs/ast/ast.go:496.47,496.62 1 0
go-phpcs/ast/ast.go:497.42,499.2 1 0
go-phpcs/ast/ast.go:500.48,502.2 1 0
go-phpcs/ast/ast.go:510.43,510.62 1 0
go-phpcs/ast/ast.go:511.43,511.59 1 0
go-phpcs/ast/ast.go:512.43,512.58 1 0
go-phpcs/ast/ast.go:513.38,515.2 1 0
go-phpcs/ast/ast.go:516.44,518.2 1 0
go-phpcs/ast/ast.go:526.44,526.64 1 0
go-phpcs/ast/ast.go:527.44,527.60 1 0
go-phpcs/ast/ast.go:528.44,528.59 1 0
go-phpcs/ast/ast.go:529.39,531.2 1 0
go-phpcs/ast/ast.go:532.45,534.2 1 0
go-phpcs/ast/ast.go:542.42,542.60 1 0
go-phpcs/ast/ast.go:543.42,543.58 1 0
go-phpcs/ast/ast.go:544.42,544.57 1 0
go-phpcs/ast/ast.go:545.37,547.2 1 0
go-phpcs/ast/ast.go:548.43,550.2 1 0
go-phpcs/ast/ast.go:558.44,558.64 1 0
go-phpcs/ast/ast.go:559.44,559.60 1 0
go-phpcs/ast/ast.go:560.44,560.59 1 0
go-phpcs/ast/ast.go:561.39,563.2 1 0
go-phpcs/ast/ast.go:564.45,565.13 1 0
go-phpcs/ast/ast.go:565.13,567.3 1 0
go-phpcs/ast/ast.go:568.2,568.16 1 0
go-phpcs/ast/ast.go:576.41,576.58 1 0
go-phpcs/ast/ast.go:577.41,577.57 1 0
go-phpcs/ast/ast.go:578.41,578.56 1 0
go-phpcs/ast/ast.go:579.36,581.2 1 0
go-phpcs/ast/ast.go:582.42,584.2 1 0
go-phpcs/ast/ast.go:592.43,592.62 1 0
go-phpcs/ast/ast.go:593.43,593.59 1 0
go-phpcs/ast/ast.go:594.43,594.58 1 0
go-phpcs/ast/ast.go:595.38,597.31 2 0
go-phpcs/ast/ast.go:597.31,599.3 1 0
go-phpcs/ast/ast.go:600.2,600.96 1 0
go-phpcs/ast/ast.go:602.44,604.2 1 0
go-phpcs/ast/ast.go:622.48,622.72 1 0
go-phpcs/ast/ast.go:623.48,623.64 1 0
go-phpcs/ast/ast.go:624.48,624.63 1 0
go-phpcs/ast/ast.go:625.43,627.2 1 0
go-phpcs/ast/ast.go:628.49,628.63 1 0
go-phpcs/ast/ast.go:630.46,630.68 1 0
go-phpcs/ast/ast.go:631.46,631.62 1 0
go-phpcs/ast/ast.go:632.46,632.61 1 0
go-phpcs/ast/ast.go:633.41,635.13 2 0
go-phpcs/ast/ast.go:635.13,637.3 1 0
go-phpcs/ast/ast.go:638.2,638.14 1 0
go-phpcs/ast/ast.go:638.14,640.3 1 0
go-phpcs/ast/ast.go:641.2,641.18 1 0
go-phpcs/ast/ast.go:641.18,643.3 1 0
go-phpcs/ast/ast.go:644.2,644.105 1 0
go-phpcs/ast/ast.go:646.47,647.18 1 0
go-phpcs/ast/ast.go:647.18,649.3 1 0
go-phpcs/ast/ast.go:650.2,650.11 1 0
go-phpcs/ast/ast.go:660.46,660.68 1 0
go-phpcs/ast/ast.go:661.46,661.62 1 0
go-phpcs/ast/ast.go:662.46,662.61 1 0
go-phpcs/ast/ast.go:663.41,665.2 1 0
go-phpcs/ast/ast.go:666.47,666.64 1 0
go-phpcs/ast/ast.go:675.46,675.68 1 0
go-phpcs/ast/ast.go:676.46,676.62 1 0
go-phpcs/ast/ast.go:677.46,677.61 1 0
go-phpcs/ast/ast.go:678.41,680.2 1 0
go-phpcs/ast/ast.go:681.47,681.69 1 0
go-phpcs/ast/ast.go:691.40,691.56 1 0
go-phpcs/ast/ast.go:692.40,692.56 1 0
go-phpcs/ast/ast.go:693.40,693.55 1 0
go-phpcs/ast/ast.go:694.35,695.19 1 0
go-phpcs/ast/ast.go:695.19,697.3 1 0
go-phpcs/ast/ast.go:698.2,698.72 1 0
go-phpcs/ast/ast.go:700.41,700.57 1 0
go-phpcs/ast/ast.go:709.42,709.60 1 0
go-phpcs/ast/ast.go:710.42,710.58 1 0
go-phpcs/ast/ast.go:711.42,711.57 1 0
go-phpcs/ast/ast.go:712.37,714.2 1 0
go-phpcs/ast/ast.go:715.43,715.61 1 0
go-phpcs/ast/ast.go:724.45,724.66 1 0
go-phpcs/ast/ast.go:725.45,725.61 1 0
go-phpcs/ast/ast.go:726.45,726.60 1 0
go-phpcs/ast/ast.go:727.40,729.2 1 0
go-phpcs/ast/ast.go:730.46,730.61 1 0
go-phpcs/ast/ast.go:740.50,740.76 1 0
go-phpcs/ast/ast.go:741.50,741.66 1 0
go-phpcs/ast/ast.go:742.50,742.65 1 0
go-phpcs/ast/ast.go:743.45,745.2 1 0
go-phpcs/ast/ast.go:746.51,746.66 1 0
go-phpcs/ast/ast.go:755.45,755.66 1 1
go-phpcs/ast/ast.go:756.45,756.61 1 1
go-phpcs/ast/ast.go:757.45,757.60 1 1
go-phpcs/ast/ast.go:758.40,760.2 1 1
go-phpcs/ast/ast.go:761.46,761.63 1 1
go-phpcs/ast/ast.go:771.42,771.60 1 1
go-phpcs/ast/ast.go:772.42,772.58 1 1
go-phpcs/ast/ast.go:773.42,773.57 1 1
go-phpcs/ast/ast.go:774.37,775.12 1 1
go-phpcs/ast/ast.go:775.12,777.3 1 1
go-phpcs/ast/ast.go:778.2,778.63 1 1
go-phpcs/ast/ast.go:780.43,780.61 1 1
go-phpcs/ast/ast.go:789.44,789.64 1 1
go-phpcs/ast/ast.go:790.44,790.60 1 1
go-phpcs/ast/ast.go:791.44,791.59 1 1
go-phpcs/ast/ast.go:792.39,794.2 1 1
go-phpcs/ast/ast.go:795.45,795.68 1 1
go-phpcs/ast/ast.go:805.44,805.68 1 0
go-phpcs/ast/ast.go:806.44,806.60 1 0
go-phpcs/ast/ast.go:807.44,807.59 1 0
go-phpcs/ast/ast.go:808.39,810.2 1 0
go-phpcs/ast/ast.go:811.45,811.59 1 0
go-phpcs/ast/ast.go:821.50,821.76 1 1
go-phpcs/ast/ast.go:822.50,822.66 1 1
go-phpcs/ast/ast.go:823.50,823.65 1 1
go-phpcs/ast/ast.go:824.45,826.2 1 1
go-phpcs/ast/ast.go:827.51,829.2 1 1
go-phpcs/ast/ast.go:842.44,842.64 1 0
go-phpcs/ast/ast.go:843.44,843.60 1 0
go-phpcs/ast/ast.go:844.44,844.59 1 0
go-phpcs/ast/ast.go:845.39,847.17 1 0
go-phpcs/ast/ast.go:847.17,848.23 1 0
go-phpcs/ast/ast.go:848.23,850.5 1 0
go-phpcs/ast/ast.go:851.4,851.13 1 0
go-phpcs/ast/ast.go:855.45,855.65 1 0
go-phpcs/ast/ast.go:864.42,864.60 1 0
go-phpcs/ast/ast.go:865.42,865.58 1 0
go-phpcs/ast/ast.go:866.42,866.57 1 0
go-phpcs/ast/ast.go:867.37,869.2 1 0
go-phpcs/ast/ast.go:870.43,870.61 1 0
go-phpcs/ast/class.go:8.42,8.60 1 1
go-phpcs/ast/class.go:9.42,9.58 1 1
go-phpcs/ast/class.go:10.42,10.57 1 1
go-phpcs/ast/class.go:11.37,14.21 3 1
go-phpcs/ast/class.go:14.21,16.3 1 1
go-phpcs/ast/class.go:17.2,17.27 1 1
go-phpcs/ast/class.go:17.27,19.3 1 1
go-phpcs/ast/class.go:20.2,20.86 1 1
go-phpcs/ast/class.go:22.43,24.2 1 1
go-phpcs/ast/class.go:37.42,39.2 1 1
go-phpcs/ast/class.go:41.45,43.2 1 1
go-phpcs/ast/class.go:45.42,47.2 1 1
go-phpcs/ast/class.go:49.40,51.24 2 1
go-phpcs/ast/class.go:51.24,53.3 1 1
go-phpcs/ast/class.go:54.2,55.86 2 1
go-phpcs/ast/class.go:58.46,60.2 1 1
go-phpcs/ast/class_const_fetch.go:9.49,11.2 1 1
go-phpcs/ast/class_const_fetch.go:13.49,15.2 1 1
go-phpcs/ast/class_const_fetch.go:17.52,19.2 1 1
go-phpcs/ast/class_const_fetch.go:21.47,23.2 1 1
go-phpcs/ast/class_const_fetch.go:25.53,27.2 1 1
go-phpcs/ast/comment.go:11.44,11.64 1 1
go-phpcs/ast/comment.go:12.44,12.60 1 1
go-phpcs/ast/comment.go:13.44,13.59 1 1
go-phpcs/ast/comment.go:14.39,16.2 1 1
go-phpcs/ast/comment.go:17.45,19.2 1 1
go-phpcs/ast/constant.go:15.45,15.66 1 0
go-phpcs/ast/constant.go:16.45,16.61 1 0
go-phpcs/ast/constant.go:17.45,17.60 1 0
go-phpcs/ast/constant.go:18.40,20.2 1 0
go-phpcs/ast/constant.go:21.46,23.2 1 0
go-phpcs/ast/enum.go:16.41,16.58 1 1
go-phpcs/ast/enum.go:17.41,17.57 1 1
go-phpcs/ast/enum.go:18.41,18.56 1 1
go-phpcs/ast/enum.go:19.36,22.22 3 1
go-phpcs/ast/enum.go:22.22,24.3 1 1
go-phpcs/ast/enum.go:25.2,25.86 1 1
go-phpcs/ast/enum.go:27.42,29.2 1 1
go-phpcs/ast/enum.go:38.45,38.66 1 1
go-phpcs/ast/enum.go:39.45,39.61 1 1
go-phpcs/ast/enum.go:40.45,40.60 1 1
go-phpcs/ast/enum.go:41.40,42.20 1 1
go-phpcs/ast/enum.go:42.20,44.3 1 1
go-phpcs/ast/enum.go:45.2,45.74 1 1
go-phpcs/ast/enum.go:47.46,49.2 1 1
go-phpcs/ast/function.go:19.45,19.66 1 1
go-phpcs/ast/function.go:20.45,20.61 1 1
go-phpcs/ast/function.go:21.45,21.60 1 1
go-phpcs/ast/function.go:22.40,24.26 2 1
go-phpcs/ast/function.go:24.26,26.3 1 1
go-phpcs/ast/function.go:27.2,27.24 1 1
go-phpcs/ast/function.go:27.24,29.3 1 1
go-phpcs/ast/function.go:30.2,31.24 2 1
go-phpcs/ast/function.go:31.24,33.3 1 1
go-phpcs/ast/function.go:34.2,34.86 1 1
go-phpcs/ast/function.go:36.46,38.2 1 1
go-phpcs/ast/function.go:48.49,48.74 1 1
go-phpcs/ast/function.go:49.49,49.65 1 1
go-phpcs/ast/function.go:50.49,50.64 1 1
go-phpcs/ast/function.go:51.44,53.29 2 1
go-phpcs/ast/function.go:53.29,55.3 1 1
go-phpcs/ast/function.go:56.2,57.19 2 1
go-phpcs/ast/function.go:57.19,59.3 1 1
go-phpcs/ast/function.go:60.2,60.118 1 1
go-phpcs/ast/function.go:62.50,63.19 1 1
go-phpcs/ast/function.go:63.19,65.3 1 1
go-phpcs/ast/function.go:66.2,66.11 1 1
go-phpcs/ast/function.go:75.54,75.83 1 1
go-phpcs/ast/function.go:76.54,76.70 1 1
go-phpcs/ast/function.go:77.54,77.69 1 1
go-phpcs/ast/function.go:78.48,79.19 1 1
go-phpcs/ast/function.go:79.19,81.3 1 1
go-phpcs/ast/function.go:82.2,82.46 1 1
go-phpcs/ast/function.go:84.54,84.70 1 1
go-phpcs/ast/interface.go:16.46,16.68 1 1
go-phpcs/ast/interface.go:17.46,17.62 1 1
go-phpcs/ast/interface.go:18.46,18.61 1 1
go-phpcs/ast/interface.go:19.41,22.24 3 1
go-phpcs/ast/interface.go:22.24,24.3 1 1
go-phpcs/ast/interface.go:25.2,25.24 1 1
go-phpcs/ast/interface.go:25.24,27.36 2 1
go-phpcs/ast/interface.go:27.36,29.4 1 1
go-phpcs/ast/interface.go:31.2,31.87 1 1
go-phpcs/ast/interface.go:33.47,35.2 1 1
go-phpcs/ast/interface.go:46.52,46.80 1 1
go-phpcs/ast/interface.go:47.52,47.68 1 1
go-phpcs/ast/interface.go:48.52,48.67 1 1
go-phpcs/ast/interface.go:49.47,51.24 2 1
go-phpcs/ast/interface.go:51.24,53.3 1 1
go-phpcs/ast/interface.go:54.2,58.33 3 1
go-phpcs/ast/interface.go:58.33,60.3 1 1
go-phpcs/ast/interface.go:61.2,64.25 2 1
go-phpcs/ast/interface.go:64.25,66.3 1 1
go-phpcs/ast/interface.go:68.2,68.86 1 1
go-phpcs/ast/interface.go:70.53,72.2 1 1
go-phpcs/ast/param.go:21.42,21.60 1 1
go-phpcs/ast/param.go:22.42,22.58 1 1
go-phpcs/ast/param.go:23.42,23.57 1 1
go-phpcs/ast/param.go:24.37,26.24 2 1
go-phpcs/ast/param.go:26.24,28.3 1 1
go-phpcs/ast/param.go:29.2,29.22 1 1
go-phpcs/ast/param.go:29.22,31.3 1 1
go-phpcs/ast/param.go:31.8,31.31 1 1
go-phpcs/ast/param.go:31.31,33.3 1 1
go-phpcs/ast/param.go:34.2,34.15 1 1
go-phpcs/ast/param.go:34.15,36.3 1 1
go-phpcs/ast/param.go:37.2,38.27 2 1
go-phpcs/ast/param.go:38.27,40.3 1 1
go-phpcs/ast/param.go:41.2,41.18 1 1
go-phpcs/ast/param.go:41.18,43.3 1 1
go-phpcs/ast/param.go:44.2,44.18 1 1
go-phpcs/ast/param.go:44.18,46.3 1 1
go-phpcs/ast/param.go:47.2,47.86 1 1
go-phpcs/ast/param.go:49.43,51.2 1 1
go-phpcs/ast/unary_expr.go:9.39,11.2 1 0
go-phpcs/ast/unary_expr.go:13.39,15.2 1 0
go-phpcs/ast/unary_expr.go:17.42,19.2 1 0
go-phpcs/ast/unary_expr.go:21.37,23.2 1 0
go-phpcs/ast/unary_expr.go:25.43,27.2 1 0
go-phpcs/ast/union_type.go:14.46,14.68 1 1
go-phpcs/ast/union_type.go:15.46,15.62 1 1
go-phpcs/ast/union_type.go:16.46,16.61 1 1
go-phpcs/ast/union_type.go:17.41,19.2 1 1
go-phpcs/ast/union_type.go:20.47,22.2 1 1
